<?xml version="1.0" encoding="UTF-8"?>
<!-- Generated by org.testng.reporters.JUnitReportReporter -->
<testsuite hostname="DESKTOP-UHTHN37" failures="0" tests="1" name="com.Framework.Automation_Framework.BasicOrangeHrm" time="14.221" errors="0" timestamp="2024-11-18T10:27:54 IST" skipped="0">
  <testcase classname="com.Framework.Automation_Framework.BasicOrangeHrm" name="LoginOrangeHrm" time="14.221"/>
</testsuite> <!-- com.Framework.Automation_Framework.BasicOrangeHrm -->
