<?xml version="1.0" encoding="UTF-8"?>
<!-- Generated by org.testng.reporters.JUnitReportReporter -->
<testsuite hostname="DESKTOP-UHTHN37" failures="0" tests="1" name="com.Framework.Automation_Framework.BasicOrangeHrm" time="13.308" errors="0" timestamp="2024-11-30T11:28:14 IST" skipped="0">
  <testcase classname="com.Framework.Automation_Framework.BasicOrangeHrm" name="LoginOrangeHrm" time="13.308"/>
</testsuite> <!-- com.Framework.Automation_Framework.BasicOrangeHrm -->
