<?xml version="1.0" encoding="UTF-8"?>
<!-- Generated by org.testng.reporters.JUnitReportReporter -->
<testsuite hostname="DESKTOP-UHTHN37" failures="0" tests="1" name="com.Framework.Automation_Framework.BasicOrangeHrm" time="4.029" errors="0" timestamp="2024-11-15T21:34:01 IST" skipped="0">
  <testcase classname="com.Framework.Automation_Framework.BasicOrangeHrm" name="LoginOrangeHrm" time="4.029"/>
  <system-out/>
</testsuite> <!-- com.Framework.Automation_Framework.BasicOrangeHrm -->
