<?xml version="1.0" encoding="UTF-8"?>
<!-- Generated by org.testng.reporters.JUnitReportReporter -->
<testsuite hostname="DESKTOP-UHTHN37" failures="0" tests="2" name="com.Framework.Automation_Framework.Test_annotations" time="0.007" errors="0" timestamp="2024-11-18T20:39:04 IST" skipped="0">
  <testcase classname="com.Framework.Automation_Framework.Test_annotations" name="test1" time="0.005"/>
  <testcase classname="com.Framework.Automation_Framework.Test_annotations" name="test2" time="0.002"/>
</testsuite> <!-- com.Framework.Automation_Framework.Test_annotations -->
