<?xml version="1.0" encoding="UTF-8"?>
<!-- Generated by org.testng.reporters.JUnitReportReporter -->
<testsuite hostname="DESKTOP-UHTHN37" failures="0" tests="1" name="com.Framework.Automation_Framework.BasicOrangeHrm" time="8.928" errors="0" timestamp="2024-11-19T09:59:22 IST" skipped="0">
  <testcase classname="com.Framework.Automation_Framework.BasicOrangeHrm" name="LoginOrangeHrm" time="8.928"/>
</testsuite> <!-- com.Framework.Automation_Framework.BasicOrangeHrm -->
