<?xml version="1.0" encoding="UTF-8"?>
<!-- Generated by org.testng.reporters.JUnitReportReporter -->
<testsuite hostname="DESKTOP-UHTHN37" failures="0" tests="1" name="com.Framework.Automation_Framework.AdminTest" time="27.127" errors="0" timestamp="2024-11-23T22:31:48 IST" skipped="0">
  <testcase classname="com.Framework.Automation_Framework.AdminTest" name="AdminVerification" time="27.127"/>
</testsuite> <!-- com.Framework.Automation_Framework.AdminTest -->
