<?xml version="1.0" encoding="UTF-8"?>
<!-- Generated by org.testng.reporters.JUnitReportReporter -->
<testsuite hostname="DESKTOP-UHTHN37" failures="0" tests="1" name="com.Framework.Automation_Framework.AppTest" time="8.724" errors="0" timestamp="2024-11-15T19:57:13 IST" skipped="0">
  <testcase classname="com.Framework.Automation_Framework.AppTest" name="shouldAnswerWithTrue" time="8.724"/>
  <system-out/>
</testsuite> <!-- com.Framework.Automation_Framework.AppTest -->
