<?xml version="1.0" encoding="UTF-8"?>
<!-- Generated by org.testng.reporters.JUnitReportReporter -->
<testsuite hostname="DESKTOP-UHTHN37" failures="0" tests="1" name="com.Framework.Automation_Framework.BasicOrangeHrm" time="9.152" errors="0" timestamp="2024-11-18T20:14:24 IST" skipped="0">
  <testcase classname="com.Framework.Automation_Framework.BasicOrangeHrm" name="LoginOrangeHrm" time="9.152"/>
</testsuite> <!-- com.Framework.Automation_Framework.BasicOrangeHrm -->
